<?xml version="1.0" encoding="UTF-8"?>
<testng-results ignored="0" total="1" passed="1" failed="0" skipped="0">
  <reporter-output>
  </reporter-output>
  <suite started-at="2024-08-05T23:28:47 IST" name="Suite" finished-at="2024-08-05T23:29:10 IST" duration-ms="23662">
    <groups>
    </groups>
    <test started-at="2024-08-05T23:28:47 IST" name="Test" finished-at="2024-08-05T23:29:10 IST" duration-ms="23662">
      <class name="com.itlearn.testcases.PaymentTestCase">
        <test-method is-config="true" signature="setUp()[pri:0, instance:com.itlearn.testcases.PaymentTestCase@2e385cce]" started-at="2024-08-05T23:28:47 IST" name="setUp" finished-at="2024-08-05T23:28:56 IST" duration-ms="8887" status="PASS">
          <reporter-output>
          </reporter-output>
        </test-method> <!-- setUp -->
        <test-method signature="testcourses()[pri:1, instance:com.itlearn.testcases.PaymentTestCase@2e385cce]" started-at="2024-08-05T23:28:56 IST" name="testcourses" finished-at="2024-08-05T23:29:10 IST" duration-ms="14466" status="PASS">
          <reporter-output>
          </reporter-output>
        </test-method> <!-- testcourses -->
        <test-method is-config="true" signature="tearDown()[pri:0, instance:com.itlearn.testcases.PaymentTestCase@2e385cce]" started-at="2024-08-05T23:29:10 IST" name="tearDown" finished-at="2024-08-05T23:29:10 IST" duration-ms="0" status="PASS">
          <reporter-output>
          </reporter-output>
        </test-method> <!-- tearDown -->
      </class> <!-- com.itlearn.testcases.PaymentTestCase -->
    </test> <!-- Test -->
  </suite> <!-- Suite -->
</testng-results>
